<?xml version="1.0" encoding="UTF-8"?>
<!-- Generated by org.testng.reporters.JUnitReportReporter -->
<testsuite skipped="0" hostname="anandita-pc" name="crossover.LoginClass" tests="1" failures="0" timestamp="21 Jul 2018 10:16:29 GMT" time="10.244" errors="0">
  <testcase name="login" time="10.244" classname="crossover.LoginClass"/>
</testsuite> <!-- crossover.LoginClass -->
